<?xml version="1.0" encoding="UTF-8"?>
<!-- Generated by org.testng.reporters.JUnitXMLReporter -->
<testsuite ignored="0" hostname="LAPTOP-D6R6RMOK" failures="0" tests="5" name="Default test" time="4.771" errors="0" timestamp="2022-11-13T15:58:21 GST">
  <testcase classname="testscenario.Loginactions" name="invalidCredentials" time="0.313"/>
  <testcase classname="testscenario.Loginactions" name="loginValidunameInvalidpwd" time="0.191"/>
  <testcase classname="testscenario.Loginactions" name="loginInvalidusernameValidpwd" time="0.198"/>
  <testcase classname="testscenario.Loginactions" name="loginValidusernameValidpwd" time="0.239"/>
  <testcase classname="testscenario.Loginactions" name="addingToCart" time="0.175"/>
</testsuite> <!-- Default test -->
